Connecting to Outlook...
Traceback (most recent call last):
  File "C:\Users\tsarkar\source\repos\ONBASEAgentWorkSpace\email_reporter.py", line 195, in send_report
    print(f"  \u2713 Report sent via Outlook")
    ~~~~~^^^^^^^^^^^^^^^^^^^^^^^^^^^^^^^^
  File "C:\Program Files\WindowsApps\PythonSoftwareFoundation.Python.3.13_3.13.3568.0_x64__qbz5n2kfra8p0\Lib\encodings\cp1252.py", line 19, in encode
    return codecs.charmap_encode(input,self.errors,encoding_table)[0]
           ~~~~~~~~~~~~~~~~~~~~~^^^^^^^^^^^^^^^^^^^^^^^^^^^^^^^^^^
UnicodeEncodeError: 'charmap' codec can't encode character '\u2713' in position 2: character maps to <undefined>

During handling of the above exception, another exception occurred:

Traceback (most recent call last):
  File "C:\Users\tsarkar\source\repos\ONBASEAgentWorkSpace\email_reporter.py", line 230, in <module>
    main()
    ~~~~^^
  File "C:\Users\tsarkar\source\repos\ONBASEAgentWorkSpace\email_reporter.py", line 226, in main
    send_report(to=to, cc=cc, dry_run=args.dry_run)
    ~~~~~~~~~~~^^^^^^^^^^^^^^^^^^^^^^^^^^^^^^^^^^^^
  File "C:\Users\tsarkar\source\repos\ONBASEAgentWorkSpace\email_reporter.py", line 212, in send_report
    print(f"  \u2717 Failed to send email via Outlook: {e}")
    ~~~~~^^^^^^^^^^^^^^^^^^^^^^^^^^^^^^^^^^^^^^^^^^^^^^
  File "C:\Program Files\WindowsApps\PythonSoftwareFoundation.Python.3.13_3.13.3568.0_x64__qbz5n2kfra8p0\Lib\encodings\cp1252.py", line 19, in encode
    return codecs.charmap_encode(input,self.errors,encoding_table)[0]
           ~~~~~~~~~~~~~~~~~~~~~^^^^^^^^^^^^^^^^^^^^^^^^^^^^^^^^^^

UnicodeEncodeError: 'charmap' codec can't encode character '\u2717' in position 2: character maps to <undefined>
