======================================================================
  CSFMD Bug Pipeline
  2026-04-10 17:00:02
======================================================================

[1/6] Fetching bugs (status=New)...
  Authenticated as Tamisra Sarkar
  Fetched 29/0 bugs...
  Found 29 bug(s)

[2/6] Deduplicating against existing analysis...
  Skipped 29 already-tracked bug(s)
  0 new bug(s) to analyze
  All bugs already tracked. Exiting.
^C======================================================================
  CSFMD Bug Pipeline
  2026-04-11 09:41:45
======================================================================

[1/6] Fetching bugs (status=New)...
  Authenticated as Tamisra Sarkar
  Fetched 29/0 bugs...
  Found 29 bug(s)

[2/6] Deduplicating against existing analysis...
  Skipped 29 already-tracked bug(s)
  0 new bug(s) to analyze
  All bugs already tracked. Exiting.
======================================================================
  CSFMD Bug Pipeline
  2026-04-11 13:00:05
======================================================================

[1/6] Fetching bugs (status=New)...
  Authenticated as Tamisra Sarkar
  Fetched 29/0 bugs...
  Found 29 bug(s)


[2/6] Deduplicating against existing analysis...
  Skipped 29 already-tracked bug(s)
  0 new bug(s) to analyze
  All bugs already tracked. Exiting.
======================================================================
  CSFMD Bug Pipeline
  2026-04-11 17:57:18
======================================================================

[1/6] Fetching bugs (status=New)...
  Authenticated as Tamisra Sarkar
  Fetched 29/0 bugs...
  Found 29 bug(s)

[2/6] Deduplicating against existing analysis...
  Skipped 29 already-tracked bug(s)
  0 new bug(s) to analyze
  All bugs already tracked. Exiting.
======================================================================
  CSFMD Bug Pipeline
  2026-04-11 21:00:06
======================================================================

[1/6] Fetching bugs (status=New)...
  Authenticated as Tamisra Sarkar
  Fetched 29/0 bugs...
  Found 29 bug(s)

[2/6] Deduplicating against existing analysis...
  Skipped 29 already-tracked bug(s)
  0 new bug(s) to analyze
  All bugs already tracked. Exiting.
======================================================================
  CSFMD Bug Pipeline
  2026-04-12 09:00:06
======================================================================

[1/6] Fetching bugs (status=New)...
  Authenticated as Tamisra Sarkar
  Fetched 29/0 bugs...
  Found 29 bug(s)

[2/6] Deduplicating against existing analysis...
  Skipped 29 already-tracked bug(s)
  0 new bug(s) to analyze
  All bugs already tracked. Exiting.
^C======================================================================
  CSFMD Bug Pipeline
  2026-04-12 17:00:06
======================================================================

[1/6] Fetching bugs (status=New)...
  Authenticated as Tamisra Sarkar
  Fetched 29/0 bugs...
  Found 29 bug(s)

[2/6] Deduplicating against existing analysis...
  Skipped 29 already-tracked bug(s)
  0 new bug(s) to analyze
  All bugs already tracked. Exiting.
======================================================================
  CSFMD Bug Pipeline
  2026-04-12 21:00:06
======================================================================

[1/6] Fetching bugs (status=New)...
  Authenticated as Tamisra Sarkar
  Fetched 29/0 bugs...
  Found 29 bug(s)

[2/6] Deduplicating against existing analysis...
  Skipped 29 already-tracked bug(s)
  0 new bug(s) to analyze
  All bugs already tracked. Exiting.
======================================================================
  CSFMD Bug Pipeline
  2026-04-13 09:00:06
======================================================================

[1/6] Fetching bugs (status=New)...
  Authenticated as Tamisra Sarkar
  Fetched 29/0 bugs...
  Found 29 bug(s)

[2/6] Deduplicating against existing analysis...
  Skipped 29 already-tracked bug(s)
  0 new bug(s) to analyze
  All bugs already tracked. Exiting.
======================================================================
  CSFMD Bug Pipeline
  2026-04-13 13:00:07
======================================================================

[1/6] Fetching bugs (status=New)...
  Authenticated as Tamisra Sarkar
  Fetched 29/0 bugs...
  Found 29 bug(s)

[2/6] Deduplicating against existing analysis...
  Skipped 29 already-tracked bug(s)
  0 new bug(s) to analyze
  All bugs already tracked. Exiting.
======================================================================
  CSFMD Bug Pipeline
  2026-04-13 17:00:06
======================================================================

[1/6] Fetching bugs (status=New)...
  Authenticated as Tamisra Sarkar
  Fetched 29/0 bugs...
  Found 29 bug(s)

[2/6] Deduplicating against existing analysis...
  Skipped 29 already-tracked bug(s)
  0 new bug(s) to analyze
  All bugs already tracked. Exiting.
======================================================================
  CSFMD Bug Pipeline
  2026-04-13 21:31:22
======================================================================

[1/6] Fetching bugs (status=New)...
  Authenticated as Tamisra Sarkar
  Fetched 29/0 bugs...
  Found 29 bug(s)

[2/6] Deduplicating against existing analysis...
  Skipped 29 already-tracked bug(s)
  0 new bug(s) to analyze
  All bugs already tracked. Exiting.
======================================================================
  CSFMD Bug Pipeline
  2026-04-14 13:00:05
======================================================================

[1/6] Fetching bugs (status=New)...
  Authenticated as Tamisra Sarkar
  Fetched 28/0 bugs...
  Found 28 bug(s)

[2/6] Deduplicating against existing analysis...
  Skipped 28 already-tracked bug(s)
  0 new bug(s) to analyze
  All bugs already tracked. Exiting.
^C======================================================================
  CSFMD Bug Pipeline
  2026-04-15 13:00:06
======================================================================

[1/6] Fetching bugs (status=New)...
  Authenticated as Tamisra Sarkar
  Fetched 28/0 bugs...
  Found 28 bug(s)

[2/6] Deduplicating against existing analysis...
  Skipped 28 already-tracked bug(s)
  0 new bug(s) to analyze
  All bugs already tracked. Exiting.
^C